<?xml version="1.0" encoding="UTF-8"?>
<!-- Generated by org.testng.reporters.JUnitXMLReporter -->
<testsuite hostname="CO-IT02285" ignored="0" name="Browser Test" tests="1" failures="1" timestamp="08 jul 2019 18:26:07 GMT" time="9.063" errors="0">
  <testcase name="doGoogleSearch" time="1.573" classname="com.globant.training.app.SeleniumBasicTest">
    <failure type="java.lang.AssertionError" message="expected [abc] but found []">
      <![CDATA[java.lang.AssertionError: expected [abc] but found []
at com.globant.training.app.SeleniumBasicTest.doGoogleSearch(SeleniumBasicTest.java:25)
... Removed 31 stack frames]]>
    </failure>
  </testcase> <!-- doGoogleSearch -->
</testsuite> <!-- Browser Test -->
